2026-04-23T16:48:13.294984 | Evaluation Results: {'FAR': 0.0, 'FRR': 0.0, 'accuracy': 1.0}
2026-04-23T16:51:57.054901 | Decision=ACCEPT, Confidence=1.0, Latency=5.2159s
2026-04-23T16:55:07.878415 | Decision=ACCEPT, Confidence=1.0, Latency=4.0184s
2026-04-23T17:00:00.786243 | Decision=REJECT, Confidence=0, Latency=0
2026-04-23T17:00:02.557440 | Decision=REJECT, Confidence=0, Latency=0
2026-04-23T17:06:27.126553 | Decision=REJECT, Confidence=0, Latency=0
2026-04-23T17:06:28.259431 | Decision=REJECT, Confidence=-0.021984316408634186, Latency=1.1268s
2026-04-23T17:06:38.124665 | Decision=ACCEPT, Confidence=0.5582778453826904, Latency=9.8601s
2026-04-23T17:06:38.137008 | Decision=ERROR, Confidence=0, Latency=0
2026-04-23T17:16:44.339224 | Decision=REJECT, Confidence=0, Latency=0
2026-04-23T17:16:45.413074 | Decision=REJECT, Confidence=-0.021984316408634186, Latency=1.0671s
2026-04-23T17:16:50.467399 | Decision=ACCEPT, Confidence=0.5582778453826904, Latency=5.0481s
2026-04-23T17:16:50.473220 | Decision=RETRY, Confidence=0, Latency=0
2026-04-23T17:17:34.376004 | Decision=REJECT, Confidence=0, Latency=0
2026-04-23T17:17:35.453699 | Decision=REJECT, Confidence=-0.021984316408634186, Latency=1.0723s
2026-04-23T17:17:39.618913 | Decision=ACCEPT, Confidence=0.5582778453826904, Latency=4.1598s
2026-04-23T17:17:39.623110 | Decision=RETRY, Confidence=0, Latency=0
2026-04-23T17:24:09.467910 | Decision=ACCEPT, Confidence=0.6042836308479309, Latency=4.8645s
2026-04-23T17:24:10.548091 | Decision=REJECT, Confidence=-0.021984316408634186, Latency=1.0742s
2026-04-23T17:24:14.276889 | Decision=ACCEPT, Confidence=0.5582778453826904, Latency=3.7240s
2026-04-23T17:24:14.324134 | Decision=RETRY, Confidence=0, Latency=0
2026-04-23T17:25:41.618278 | Decision=ACCEPT, Confidence=0.6042836308479309, Latency=4.0602s
2026-04-23T17:25:42.721501 | Decision=REJECT, Confidence=-0.021984316408634186, Latency=1.0960s
2026-04-23T17:25:43.893256 | Decision=REJECT, Confidence=0.5582778453826904, Latency=1.1667s
2026-04-23T17:25:43.897628 | Decision=RETRY, Confidence=0, Latency=0
2026-04-23T17:30:14.101848 | Decision=ACCEPT, Confidence=0.6042836308479309, Latency=4.1291s
2026-04-23T17:30:15.359746 | Decision=REJECT, Confidence=-0.021984316408634186, Latency=1.2518s
2026-04-23T17:30:16.441296 | Decision=PENDING, Confidence=0.5582778453826904, Latency=1.0754s
2026-04-23T17:30:16.513114 | Decision=RETRY, Confidence=0, Latency=0
2026-04-24T15:47:15.458430 | Decision=ACCEPT, Score=0.9489, Latency=8.8530s
2026-04-24T15:47:53.311994 | Decision=REJECT, Score=0.0524, Latency=6.1718s
2026-04-24T16:03:29.768069 | Decision=ACCEPT, Score=0.8518, Latency=9.2841s
2026-04-24T16:05:46.717079 | Decision=REJECT, Score=0.0519, Latency=6.2828s
2026-04-24T16:13:09.474396 | Decision=ACCEPT, Score=0.8656, Latency=9.1240s
2026-04-24T16:17:11.873108 | Decision=ACCEPT, Score=0.8816, Latency=11.5585s
2026-04-24T16:39:25.346433 | Decision=PENDING, Score=0.7331, Latency=6.2946s
2026-04-24T16:43:44.310732 | Decision=REJECT, Score=0.2603, Latency=6.3032s
2026-04-24T16:44:27.848329 | Decision=ACCEPT, Score=0.8009, Latency=9.3994s
